  scene.cpp
D:\Arnau\Documents\TJE_3D\src\framework.h(372,105): warning C4244: 'return': conversión de 'double' a 'float'; posible pérdida de datos
D:\Arnau\Documents\TJE_3D\src\scene.cpp(79,12): warning C4244: 'inicializando': conversión de 'double' a 'float'; posible pérdida de datos
D:\Arnau\Documents\TJE_3D\src\scene.cpp(80,12): warning C4244: 'inicializando': conversión de 'double' a 'float'; posible pérdida de datos
D:\Arnau\Documents\TJE_3D\src\scene.cpp(81,12): warning C4244: 'inicializando': conversión de 'double' a 'float'; posible pérdida de datos
D:\Arnau\Documents\TJE_3D\src\scene.cpp(88,12): warning C4244: 'inicializando': conversión de 'double' a 'float'; posible pérdida de datos
D:\Arnau\Documents\TJE_3D\src\scene.cpp(89,12): warning C4244: 'inicializando': conversión de 'double' a 'float'; posible pérdida de datos
D:\Arnau\Documents\TJE_3D\src\scene.cpp(90,12): warning C4244: 'inicializando': conversión de 'double' a 'float'; posible pérdida de datos
D:\Arnau\Documents\TJE_3D\src\scene.cpp(115,59): warning C4305: 'argumento': truncamiento de 'double' a 'float'
D:\Arnau\Documents\TJE_3D\src\scene.cpp(132,12): warning C4244: 'inicializando': conversión de 'double' a 'float'; posible pérdida de datos
D:\Arnau\Documents\TJE_3D\src\scene.cpp(133,12): warning C4244: 'inicializando': conversión de 'double' a 'float'; posible pérdida de datos
D:\Arnau\Documents\TJE_3D\src\scene.cpp(134,12): warning C4244: 'inicializando': conversión de 'double' a 'float'; posible pérdida de datos
D:\Arnau\Documents\TJE_3D\src\scene.cpp(139,20): warning C4244: 'inicializando': conversión de 'double' a 'float'; posible pérdida de datos
D:\Arnau\Documents\TJE_3D\src\scene.cpp(146,12): warning C4244: 'inicializando': conversión de 'double' a 'float'; posible pérdida de datos
D:\Arnau\Documents\TJE_3D\src\scene.cpp(147,12): warning C4244: 'inicializando': conversión de 'double' a 'float'; posible pérdida de datos
D:\Arnau\Documents\TJE_3D\src\scene.cpp(148,12): warning C4244: 'inicializando': conversión de 'double' a 'float'; posible pérdida de datos
D:\Arnau\Documents\TJE_3D\src\scene.cpp(165,12): warning C4244: 'inicializando': conversión de 'double' a 'float'; posible pérdida de datos
D:\Arnau\Documents\TJE_3D\src\scene.cpp(166,12): warning C4244: 'inicializando': conversión de 'double' a 'float'; posible pérdida de datos
D:\Arnau\Documents\TJE_3D\src\scene.cpp(167,12): warning C4244: 'inicializando': conversión de 'double' a 'float'; posible pérdida de datos
D:\Arnau\Documents\TJE_3D\src\scene.cpp(172,12): warning C4244: 'inicializando': conversión de 'double' a 'float'; posible pérdida de datos
D:\Arnau\Documents\TJE_3D\src\scene.cpp(173,12): warning C4244: 'inicializando': conversión de 'double' a 'float'; posible pérdida de datos
D:\Arnau\Documents\TJE_3D\src\scene.cpp(174,12): warning C4244: 'inicializando': conversión de 'double' a 'float'; posible pérdida de datos
D:\Arnau\Documents\TJE_3D\src\scene.cpp(192,42): warning C4305: 'argumento': truncamiento de 'time_t (__cdecl *)(time_t *const )' a 'bool'
D:\Arnau\Documents\TJE_3D\src\scene.cpp(207,20): warning C4018: '<': no coinciden signed/unsigned
D:\Arnau\Documents\TJE_3D\src\scene.cpp(278,62): warning C4305: 'argumento': truncamiento de 'double' a 'float'
D:\Arnau\Documents\TJE_3D\src\scene.cpp(285,36): warning C4305: 'argumento': truncamiento de 'time_t (__cdecl *)(time_t *const )' a 'bool'
D:\Arnau\Documents\TJE_3D\src\scene.cpp(287,21): warning C4018: '<': no coinciden signed/unsigned
D:\Arnau\Documents\TJE_3D\src\scene.cpp(322,21): warning C4018: '<': no coinciden signed/unsigned
D:\Arnau\Documents\TJE_3D\src\scene.cpp(340,69): warning C4244: 'argumento': conversión de 'double' a 'float'; posible pérdida de datos
D:\Arnau\Documents\TJE_3D\src\scene.cpp(341,70): warning C4244: 'argumento': conversión de 'double' a 'float'; posible pérdida de datos
D:\Arnau\Documents\TJE_3D\src\scene.cpp(348,20): warning C4018: '<': no coinciden signed/unsigned
animation.obj : warning LNK4075: se omite '/EDITANDCONTINUE' debido a la especificación '/INCREMENTAL:NO'
LINK : warning LNK4098: la biblioteca predeterminada'LIBCMT' entra en conflicto con otras bibliotecas; use la biblioteca /NODEFAULTLIB:biblioteca
glew32s.lib(glew.obj) : warning LNK4099: no se encontró PDB 'vc120.pdb' con 'glew32s.lib(glew.obj)' o en 'D:\Arnau\Documents\TJE_3D\vc120.pdb'; se vinculará el objeto sin tener en cuenta información de depuración
  visualstudio.vcxproj -> D:\Arnau\Documents\TJE_3D\game_debug.exe
