  scene.cpp
D:\Arnau\Documents\TJE_3D\src\framework.h(372,105): warning C4244: 'return': conversión de 'double' a 'float'; posible pérdida de datos
D:\Arnau\Documents\TJE_3D\src\scene.cpp(100,37): warning C4244: 'argumento': conversión de 'int' a 'float'; posible pérdida de datos
D:\Arnau\Documents\TJE_3D\src\scene.cpp(100,34): warning C4244: 'argumento': conversión de 'int' a 'float'; posible pérdida de datos
D:\Arnau\Documents\TJE_3D\src\scene.cpp(100,31): warning C4244: 'argumento': conversión de 'int' a 'float'; posible pérdida de datos
D:\Arnau\Documents\TJE_3D\src\scene.cpp(121,42): warning C4305: 'argumento': truncamiento de 'time_t (__cdecl *)(time_t *const )' a 'bool'
D:\Arnau\Documents\TJE_3D\src\scene.cpp(176,62): warning C4305: 'argumento': truncamiento de 'double' a 'float'
D:\Arnau\Documents\TJE_3D\src\scene.cpp(184,36): warning C4305: 'argumento': truncamiento de 'time_t (__cdecl *)(time_t *const )' a 'bool'
D:\Arnau\Documents\TJE_3D\src\scene.cpp(202,21): warning C4018: '<': no coinciden signed/unsigned
D:\Arnau\Documents\TJE_3D\src\scene.cpp(227,69): warning C4244: 'argumento': conversión de 'double' a 'float'; posible pérdida de datos
D:\Arnau\Documents\TJE_3D\src\scene.cpp(228,70): warning C4244: 'argumento': conversión de 'double' a 'float'; posible pérdida de datos
D:\Arnau\Documents\TJE_3D\src\scene.cpp(267,53): warning C4305: 'argumento': truncamiento de 'double' a 'float'
LINK : warning LNK4098: la biblioteca predeterminada'LIBCMT' entra en conflicto con otras bibliotecas; use la biblioteca /NODEFAULTLIB:biblioteca
  Generando código
  2 of 2048 functions (<0.1%) were compiled, the rest were copied from previous compilation.
    0 functions were new in current compilation
    11 functions had inline decision re-evaluated but remain unchanged
  Generación de código finalizada
glew32s.lib(glew.obj) : warning LNK4099: no se encontró PDB 'vc120.pdb' con 'glew32s.lib(glew.obj)' o en 'D:\Arnau\Documents\TJE_3D\vc120.pdb'; se vinculará el objeto sin tener en cuenta información de depuración
  visualstudio.vcxproj -> D:\Arnau\Documents\TJE_3D\game.exe
